04:38:30.901 [main] DEBUG org.apache.poi.openxml4j.opc.PackageRelationshipCollection - Parsing relationship: /_rels/.rels
04:38:30.968 [main] DEBUG org.apache.poi.openxml4j.opc.PackageRelationshipCollection - Parsing relationship: /xl/_rels/workbook.xml.rels
04:38:30.974 [main] DEBUG org.apache.poi.openxml4j.opc.PackageRelationshipCollection - Parsing relationship: /xl/worksheets/_rels/sheet1.xml.rels
04:38:30.976 [main] DEBUG org.apache.poi.openxml4j.opc.PackageRelationshipCollection - Parsing relationship: /_rels/.rels
04:38:31.038 [main] DEBUG org.apache.poi.openxml4j.opc.PackageRelationshipCollection - Parsing relationship: /xl/_rels/workbook.xml.rels
04:38:31.042 [main] DEBUG org.apache.poi.openxml4j.opc.PackageRelationshipCollection - Parsing relationship: /xl/worksheets/_rels/sheet1.xml.rels
04:38:31.044 [main] DEBUG org.apache.poi.openxml4j.opc.PackageRelationshipCollection - Parsing relationship: /_rels/.rels
04:38:31.093 [main] DEBUG org.apache.poi.openxml4j.opc.PackageRelationshipCollection - Parsing relationship: /xl/_rels/workbook.xml.rels
04:38:31.094 [main] DEBUG org.apache.poi.openxml4j.opc.PackageRelationshipCollection - Parsing relationship: /xl/worksheets/_rels/sheet1.xml.rels
04:38:31.096 [main] DEBUG org.apache.poi.openxml4j.opc.PackageRelationshipCollection - Parsing relationship: /_rels/.rels
04:38:31.148 [main] DEBUG org.apache.poi.openxml4j.opc.PackageRelationshipCollection - Parsing relationship: /xl/_rels/workbook.xml.rels
04:38:31.153 [main] DEBUG org.apache.poi.openxml4j.opc.PackageRelationshipCollection - Parsing relationship: /xl/worksheets/_rels/sheet1.xml.rels
04:38:31.156 [main] DEBUG org.apache.poi.openxml4j.opc.PackageRelationshipCollection - Parsing relationship: /_rels/.rels
04:38:31.202 [main] DEBUG org.apache.poi.openxml4j.opc.PackageRelationshipCollection - Parsing relationship: /xl/_rels/workbook.xml.rels
04:38:31.205 [main] DEBUG org.apache.poi.openxml4j.opc.PackageRelationshipCollection - Parsing relationship: /xl/worksheets/_rels/sheet1.xml.rels
04:38:31.205 [main] DEBUG org.apache.poi.openxml4j.opc.PackageRelationshipCollection - Parsing relationship: /_rels/.rels
04:38:31.277 [main] DEBUG org.apache.poi.openxml4j.opc.PackageRelationshipCollection - Parsing relationship: /xl/_rels/workbook.xml.rels
04:38:31.280 [main] DEBUG org.apache.poi.openxml4j.opc.PackageRelationshipCollection - Parsing relationship: /xl/worksheets/_rels/sheet1.xml.rels
04:38:31.283 [main] DEBUG org.apache.poi.openxml4j.opc.PackageRelationshipCollection - Parsing relationship: /_rels/.rels
04:38:31.321 [main] DEBUG org.apache.poi.openxml4j.opc.PackageRelationshipCollection - Parsing relationship: /xl/_rels/workbook.xml.rels
04:38:31.323 [main] DEBUG org.apache.poi.openxml4j.opc.PackageRelationshipCollection - Parsing relationship: /xl/worksheets/_rels/sheet1.xml.rels
04:38:31.325 [main] DEBUG org.apache.poi.openxml4j.opc.PackageRelationshipCollection - Parsing relationship: /_rels/.rels
04:38:31.364 [main] DEBUG org.apache.poi.openxml4j.opc.PackageRelationshipCollection - Parsing relationship: /xl/_rels/workbook.xml.rels
04:38:31.367 [main] DEBUG org.apache.poi.openxml4j.opc.PackageRelationshipCollection - Parsing relationship: /xl/worksheets/_rels/sheet1.xml.rels
04:38:31.369 [main] DEBUG org.apache.poi.openxml4j.opc.PackageRelationshipCollection - Parsing relationship: /_rels/.rels
04:38:31.420 [main] DEBUG org.apache.poi.openxml4j.opc.PackageRelationshipCollection - Parsing relationship: /xl/_rels/workbook.xml.rels
04:38:31.422 [main] DEBUG org.apache.poi.openxml4j.opc.PackageRelationshipCollection - Parsing relationship: /xl/worksheets/_rels/sheet1.xml.rels
04:38:31.424 [main] DEBUG org.apache.poi.openxml4j.opc.PackageRelationshipCollection - Parsing relationship: /_rels/.rels
04:38:31.551 [main] INFO  testCases.TC003_LoginCartDDT - ******  Start The TC003_LoginDDT ******
04:38:35.120 [main] INFO  testCases.TC003_LoginCartDDT - ******  End The TC003_LoginDDT ******
04:38:35.351 [main] INFO  testCases.TC003_LoginCartDDT - ******  Start The TC003_LoginDDT ******
04:38:48.144 [main] INFO  testCases.TC003_LoginCartDDT - ******  End The TC003_LoginDDT ******
04:38:48.152 [main] INFO  testCases.TC003_LoginCartDDT - ******  Start The TC003_LoginDDT ******
04:39:01.907 [main] INFO  testCases.TC003_LoginCartDDT - ******  End The TC003_LoginDDT ******
04:39:01.907 [main] INFO  testCases.TC003_LoginCartDDT - ******  Start The TC003_LoginDDT ******
04:39:17.596 [main] INFO  testCases.TC003_LoginCartDDT - ******  End The TC003_LoginDDT ******
04:39:17.603 [main] INFO  testCases.TC003_LoginCartDDT - ******  Start The TC003_LoginDDT ******
04:39:20.914 [main] INFO  testCases.TC003_LoginCartDDT - ******  End The TC003_LoginDDT ******
04:39:20.922 [main] INFO  testCases.TC003_LoginCartDDT - ******  Start The TC003_LoginDDT ******
04:39:33.532 [main] INFO  testCases.TC003_LoginCartDDT - ******  End The TC003_LoginDDT ******
07:15:17.234 [main] INFO  testCases.TC002_LoginCart -  ***** Start TC002_LoginCart ***** 
