07:20:52.205 [main] DEBUG org.apache.poi.openxml4j.opc.PackageRelationshipCollection - Parsing relationship: /xl/worksheets/_rels/sheet1.xml.rels
07:20:52.216 [main] DEBUG org.apache.poi.openxml4j.opc.PackageRelationshipCollection - Parsing relationship: /_rels/.rels
07:20:52.238 [main] DEBUG org.apache.poi.openxml4j.opc.PackageRelationshipCollection - Parsing relationship: /xl/_rels/workbook.xml.rels
07:20:52.239 [main] DEBUG org.apache.poi.openxml4j.opc.PackageRelationshipCollection - Parsing relationship: /xl/worksheets/_rels/sheet1.xml.rels
07:20:52.240 [main] DEBUG org.apache.poi.openxml4j.opc.PackageRelationshipCollection - Parsing relationship: /_rels/.rels
07:20:52.265 [main] DEBUG org.apache.poi.openxml4j.opc.PackageRelationshipCollection - Parsing relationship: /xl/_rels/workbook.xml.rels
07:20:52.266 [main] DEBUG org.apache.poi.openxml4j.opc.PackageRelationshipCollection - Parsing relationship: /xl/worksheets/_rels/sheet1.xml.rels
07:20:52.267 [main] DEBUG org.apache.poi.openxml4j.opc.PackageRelationshipCollection - Parsing relationship: /_rels/.rels
07:20:52.291 [main] DEBUG org.apache.poi.openxml4j.opc.PackageRelationshipCollection - Parsing relationship: /xl/_rels/workbook.xml.rels
07:20:52.291 [main] DEBUG org.apache.poi.openxml4j.opc.PackageRelationshipCollection - Parsing relationship: /xl/worksheets/_rels/sheet1.xml.rels
07:20:52.292 [main] DEBUG org.apache.poi.openxml4j.opc.PackageRelationshipCollection - Parsing relationship: /_rels/.rels
07:20:52.323 [main] DEBUG org.apache.poi.openxml4j.opc.PackageRelationshipCollection - Parsing relationship: /xl/_rels/workbook.xml.rels
07:20:52.324 [main] DEBUG org.apache.poi.openxml4j.opc.PackageRelationshipCollection - Parsing relationship: /xl/worksheets/_rels/sheet1.xml.rels
07:20:52.326 [main] DEBUG org.apache.poi.openxml4j.opc.PackageRelationshipCollection - Parsing relationship: /_rels/.rels
07:20:52.362 [main] DEBUG org.apache.poi.openxml4j.opc.PackageRelationshipCollection - Parsing relationship: /xl/_rels/workbook.xml.rels
07:20:52.363 [main] DEBUG org.apache.poi.openxml4j.opc.PackageRelationshipCollection - Parsing relationship: /xl/worksheets/_rels/sheet1.xml.rels
07:20:52.363 [main] DEBUG org.apache.poi.openxml4j.opc.PackageRelationshipCollection - Parsing relationship: /_rels/.rels
07:20:52.381 [main] DEBUG org.apache.poi.openxml4j.opc.PackageRelationshipCollection - Parsing relationship: /xl/_rels/workbook.xml.rels
07:20:52.382 [main] DEBUG org.apache.poi.openxml4j.opc.PackageRelationshipCollection - Parsing relationship: /xl/worksheets/_rels/sheet1.xml.rels
07:20:52.383 [main] DEBUG org.apache.poi.openxml4j.opc.PackageRelationshipCollection - Parsing relationship: /_rels/.rels
07:20:52.410 [main] DEBUG org.apache.poi.openxml4j.opc.PackageRelationshipCollection - Parsing relationship: /xl/_rels/workbook.xml.rels
07:20:52.411 [main] DEBUG org.apache.poi.openxml4j.opc.PackageRelationshipCollection - Parsing relationship: /xl/worksheets/_rels/sheet1.xml.rels
07:20:52.412 [main] DEBUG org.apache.poi.openxml4j.opc.PackageRelationshipCollection - Parsing relationship: /_rels/.rels
07:20:52.449 [main] DEBUG org.apache.poi.openxml4j.opc.PackageRelationshipCollection - Parsing relationship: /xl/_rels/workbook.xml.rels
07:20:52.451 [main] DEBUG org.apache.poi.openxml4j.opc.PackageRelationshipCollection - Parsing relationship: /xl/worksheets/_rels/sheet1.xml.rels
07:20:52.452 [main] DEBUG org.apache.poi.openxml4j.opc.PackageRelationshipCollection - Parsing relationship: /_rels/.rels
07:20:52.483 [main] INFO  testCases.TC003_LoginCartDDT - ******  Start The TC003_LoginDDT ******
07:20:56.214 [main] INFO  testCases.TC003_LoginCartDDT - ******  End The TC003_LoginDDT ******
07:20:56.220 [main] INFO  testCases.TC003_LoginCartDDT - ******  Start The TC003_LoginDDT ******
07:21:07.423 [main] INFO  testCases.TC003_LoginCartDDT - ******  End The TC003_LoginDDT ******
07:21:07.431 [main] INFO  testCases.TC003_LoginCartDDT - ******  Start The TC003_LoginDDT ******
07:21:18.557 [main] INFO  testCases.TC003_LoginCartDDT - ******  End The TC003_LoginDDT ******
07:21:18.562 [main] INFO  testCases.TC003_LoginCartDDT - ******  Start The TC003_LoginDDT ******
07:21:29.671 [main] INFO  testCases.TC003_LoginCartDDT - ******  End The TC003_LoginDDT ******
07:21:29.676 [main] INFO  testCases.TC003_LoginCartDDT - ******  Start The TC003_LoginDDT ******
07:21:32.922 [main] INFO  testCases.TC003_LoginCartDDT - ******  End The TC003_LoginDDT ******
07:21:32.927 [main] INFO  testCases.TC003_LoginCartDDT - ******  Start The TC003_LoginDDT ******
07:21:43.955 [main] INFO  testCases.TC003_LoginCartDDT - ******  End The TC003_LoginDDT ******
07:22:38.362 [main] INFO  testCases.TC002_LoginCart -  ***** Start TC002_LoginCart ***** 
07:22:45.394 [main] INFO  testCases.TC002_LoginCart -  ***** Finish TC002_LoginCart ***** 
07:24:04.247 [main] INFO  testCases.TC002_LoginCart -  ***** Start TC002_LoginCart ***** 
07:24:11.006 [main] INFO  testCases.TC002_LoginCart -  ***** Finish TC002_LoginCart ***** 
